<?xml version="1.0" encoding="UTF-8"?>
<!-- Generated by org.testng.reporters.JUnitXMLReporter -->
<testsuite ignored="3" hostname="DESKTOP-7R0I4L2" failures="0" tests="6" name="Login Page Validation" time="30.121" errors="0" timestamp="2022-06-12T14:25:09 IST">
  <testcase classname="xmlTest.xmlTest1" name="setup" time="28.949"/>
  <testcase classname="xmlTest.xmlTest1" name="HomePage_Text" time="0.074"/>
  <testcase classname="xmlTest.xmlTest1" name="Create_New_Account" time="0.048"/>
  <testcase classname="xmlTest.xmlTest1" name="Create_a_Page" time="0.101"/>
  <testcase classname="xmlTest.xmlTest1" name="Forgot_Password_displayed" time="0.048"/>
  <testcase classname="xmlTest.xmlTest1" name="Close" time="0.836"/>
  <testcase classname="xmlTest.xmlTest1" name="Create_Account_Button" time="0.0">
    <ignored/>
  </testcase> <!-- Create_Account_Button -->
  <testcase classname="xmlTest.xmlTest1" name="Invalid_Login_Cred" time="0.0">
    <ignored/>
  </testcase> <!-- Invalid_Login_Cred -->
  <testcase classname="xmlTest.xmlTest1" name="Click_Forgot_Password" time="0.0">
    <ignored/>
  </testcase> <!-- Click_Forgot_Password -->
</testsuite> <!-- Login Page Validation -->
